<?xml version="1.0" encoding="UTF-8"?>
<coverage generated="1685688348304" clover="3.2.0">
  <project timestamp="1685688348305" name="All files">
    <metrics statements="1" coveredstatements="1" conditionals="0" coveredconditionals="0" methods="0" coveredmethods="0" elements="1" coveredelements="1" complexity="0" loc="1" ncloc="1" packages="1" files="1" classes="1"/>
    <file name="HelloWorld.vue" path="D:/RealWorldProject/the-world-today/components/HelloWorld.vue">
      <metrics statements="1" coveredstatements="1" conditionals="0" coveredconditionals="0" methods="0" coveredmethods="0"/>
      <line num="2" count="1" type="stmt"/>
    </file>
  </project>
</coverage>
